This file contains any messages produced by compilers while
running configure, to aid debugging if configure makes a mistake.

It was created by htop configure 1.0.1, which was
generated by GNU Autoconf 2.65.  Invocation command line was

  $ ./configure --prefix=/usr --enable-unicode --enable-openvz --enable-vserver --enable-cgroup --includedir=/home/raptor/htop-vi-temp/htop-1.0.1

## --------- ##
## Platform. ##
## --------- ##

hostname = venam
uname -m = i686
uname -r = 3.8.4-1-LIBRE
uname -s = Linux
uname -v = #1 SMP PREEMPT Fri Mar 22 14:23:21 UYT 2013

/usr/bin/uname -p = unknown
/bin/uname -X     = unknown

/bin/arch              = unknown
/usr/bin/arch -k       = unknown
/usr/convex/getsysinfo = unknown
/usr/bin/hostinfo      = unknown
/bin/machine           = unknown
/usr/bin/oslevel       = unknown
/bin/universe          = unknown

PATH: /usr/lib/cw
PATH: /usr/lib/cw
PATH: /usr/local/bin
PATH: /usr/bin
PATH: /bin
PATH: /usr/local/sbin
PATH: /usr/sbin
PATH: /sbin
PATH: /opt/nessus/bin
PATH: /opt/nessus/sbin
PATH: /usr/bin/vendor_perl
PATH: /usr/bin/core_perl
PATH: /usr/lib/qt4/bin


## ----------- ##
## Core tests. ##
## ----------- ##

configure:2296: checking for gcc
configure:2312: found /usr/bin/gcc
configure:2323: result: gcc
configure:2552: checking for C compiler version
configure:2561: gcc --version >&5
gcc (GCC) 4.7.2
Copyright (C) 2012 Free Software Foundation, Inc.
This is free software; see the source for copying conditions.  There is NO
warranty; not even for MERCHANTABILITY or FITNESS FOR A PARTICULAR PURPOSE.

configure:2572: $? = 0
configure:2561: gcc -v >&5
Using built-in specs.
COLLECT_GCC=gcc
COLLECT_LTO_WRAPPER=/usr/lib/gcc/i686-pc-linux-gnu/4.7.2/lto-wrapper
Target: i686-pc-linux-gnu
Configured with: /build/src/gcc-4.7.2/configure --prefix=/usr --libdir=/usr/lib --libexecdir=/usr/lib --mandir=/usr/share/man --infodir=/usr/share/info --with-bugurl=https://bugs.archlinux.org/ --enable-languages=c,c++,ada,fortran,go,lto,objc,obj-c++ --enable-shared --enable-threads=posix --with-system-zlib --enable-__cxa_atexit --disable-libunwind-exceptions --enable-clocale=gnu --disable-libstdcxx-pch --enable-libstdcxx-time --enable-gnu-unique-object --enable-linker-build-id --with-ppl --enable-cloog-backend=isl --disable-ppl-version-check --disable-cloog-version-check --enable-lto --enable-gold --enable-ld=default --enable-plugin --with-plugin-ld=ld.gold --with-linker-hash-style=gnu --disable-multilib --disable-libssp --disable-build-with-cxx --disable-build-poststage1-with-cxx --enable-checking=release
Thread model: posix
gcc version 4.7.2 (GCC) 
configure:2572: $? = 0
configure:2561: gcc -V >&5
gcc: error: unrecognized command line option '-V'
gcc: fatal error: no input files
compilation terminated.
configure:2572: $? = 1
configure:2561: gcc -qversion >&5
gcc: error: unrecognized command line option '-qversion'
gcc: fatal error: no input files
compilation terminated.
configure:2572: $? = 1
configure:2592: checking whether the C compiler works
configure:2614: gcc    conftest.c  >&5
configure:2618: $? = 0
configure:2667: result: yes
configure:2670: checking for C compiler default output file name
configure:2672: result: a.out
configure:2678: checking for suffix of executables
configure:2685: gcc -o conftest    conftest.c  >&5
configure:2689: $? = 0
configure:2711: result: 
configure:2733: checking whether we are cross compiling
configure:2741: gcc -o conftest    conftest.c  >&5
configure:2745: $? = 0
configure:2752: ./conftest
configure:2756: $? = 0
configure:2771: result: no
configure:2776: checking for suffix of object files
configure:2798: gcc -c   conftest.c >&5
configure:2802: $? = 0
configure:2823: result: o
configure:2827: checking whether we are using the GNU C compiler
configure:2846: gcc -c   conftest.c >&5
configure:2846: $? = 0
configure:2855: result: yes
configure:2864: checking whether gcc accepts -g
configure:2884: gcc -c -g  conftest.c >&5
configure:2884: $? = 0
configure:2925: result: yes
configure:2942: checking for gcc option to accept ISO C89
configure:3006: gcc  -c -g -O2  conftest.c >&5
configure:3006: $? = 0
configure:3019: result: none needed
configure:3045: checking how to run the C preprocessor
configure:3076: gcc -E  conftest.c
configure:3076: $? = 0
configure:3090: gcc -E  conftest.c
conftest.c:9:28: fatal error: ac_nonexistent.h: No such file or directory
compilation terminated.
configure:3090: $? = 1
configure: failed program was:
| /* confdefs.h */
| #define PACKAGE_NAME "htop"
| #define PACKAGE_TARNAME "htop"
| #define PACKAGE_VERSION "1.0.1"
| #define PACKAGE_STRING "htop 1.0.1"
| #define PACKAGE_BUGREPORT "loderunner@users.sourceforge.net"
| #define PACKAGE_URL ""
| /* end confdefs.h.  */
| #include <ac_nonexistent.h>
configure:3115: result: gcc -E
configure:3135: gcc -E  conftest.c
configure:3135: $? = 0
configure:3149: gcc -E  conftest.c
conftest.c:9:28: fatal error: ac_nonexistent.h: No such file or directory
compilation terminated.
configure:3149: $? = 1
configure: failed program was:
| /* confdefs.h */
| #define PACKAGE_NAME "htop"
| #define PACKAGE_TARNAME "htop"
| #define PACKAGE_VERSION "1.0.1"
| #define PACKAGE_STRING "htop 1.0.1"
| #define PACKAGE_BUGREPORT "loderunner@users.sourceforge.net"
| #define PACKAGE_URL ""
| /* end confdefs.h.  */
| #include <ac_nonexistent.h>
configure:3178: checking for grep that handles long lines and -e
configure:3236: result: /usr/bin/grep
configure:3241: checking for egrep
configure:3303: result: /usr/bin/grep -E
configure:3308: checking for ANSI C header files
configure:3328: gcc -c -g -O2  conftest.c >&5
configure:3328: $? = 0
configure:3401: gcc -o conftest -g -O2   conftest.c  >&5
configure:3401: $? = 0
configure:3401: ./conftest
configure:3401: $? = 0
configure:3412: result: yes
configure:3425: checking for sys/types.h
configure:3425: gcc -c -g -O2  conftest.c >&5
configure:3425: $? = 0
configure:3425: result: yes
configure:3425: checking for sys/stat.h
configure:3425: gcc -c -g -O2  conftest.c >&5
configure:3425: $? = 0
configure:3425: result: yes
configure:3425: checking for stdlib.h
configure:3425: gcc -c -g -O2  conftest.c >&5
configure:3425: $? = 0
configure:3425: result: yes
configure:3425: checking for string.h
configure:3425: gcc -c -g -O2  conftest.c >&5
configure:3425: $? = 0
configure:3425: result: yes
configure:3425: checking for memory.h
configure:3425: gcc -c -g -O2  conftest.c >&5
configure:3425: $? = 0
configure:3425: result: yes
configure:3425: checking for strings.h
configure:3425: gcc -c -g -O2  conftest.c >&5
configure:3425: $? = 0
configure:3425: result: yes
configure:3425: checking for inttypes.h
configure:3425: gcc -c -g -O2  conftest.c >&5
configure:3425: $? = 0
configure:3425: result: yes
configure:3425: checking for stdint.h
configure:3425: gcc -c -g -O2  conftest.c >&5
configure:3425: $? = 0
configure:3425: result: yes
configure:3425: checking for unistd.h
configure:3425: gcc -c -g -O2  conftest.c >&5
configure:3425: $? = 0
configure:3425: result: yes
configure:3439: checking minix/config.h usability
configure:3439: gcc -c -g -O2  conftest.c >&5
conftest.c:52:26: fatal error: minix/config.h: No such file or directory
compilation terminated.
configure:3439: $? = 1
configure: failed program was:
| /* confdefs.h */
| #define PACKAGE_NAME "htop"
| #define PACKAGE_TARNAME "htop"
| #define PACKAGE_VERSION "1.0.1"
| #define PACKAGE_STRING "htop 1.0.1"
| #define PACKAGE_BUGREPORT "loderunner@users.sourceforge.net"
| #define PACKAGE_URL ""
| #define STDC_HEADERS 1
| #define HAVE_SYS_TYPES_H 1
| #define HAVE_SYS_STAT_H 1
| #define HAVE_STDLIB_H 1
| #define HAVE_STRING_H 1
| #define HAVE_MEMORY_H 1
| #define HAVE_STRINGS_H 1
| #define HAVE_INTTYPES_H 1
| #define HAVE_STDINT_H 1
| #define HAVE_UNISTD_H 1
| /* end confdefs.h.  */
| #include <stdio.h>
| #ifdef HAVE_SYS_TYPES_H
| # include <sys/types.h>
| #endif
| #ifdef HAVE_SYS_STAT_H
| # include <sys/stat.h>
| #endif
| #ifdef STDC_HEADERS
| # include <stdlib.h>
| # include <stddef.h>
| #else
| # ifdef HAVE_STDLIB_H
| #  include <stdlib.h>
| # endif
| #endif
| #ifdef HAVE_STRING_H
| # if !defined STDC_HEADERS && defined HAVE_MEMORY_H
| #  include <memory.h>
| # endif
| # include <string.h>
| #endif
| #ifdef HAVE_STRINGS_H
| # include <strings.h>
| #endif
| #ifdef HAVE_INTTYPES_H
| # include <inttypes.h>
| #endif
| #ifdef HAVE_STDINT_H
| # include <stdint.h>
| #endif
| #ifdef HAVE_UNISTD_H
| # include <unistd.h>
| #endif
| #include <minix/config.h>
configure:3439: result: no
configure:3439: checking minix/config.h presence
configure:3439: gcc -E  conftest.c
conftest.c:19:26: fatal error: minix/config.h: No such file or directory
compilation terminated.
configure:3439: $? = 1
configure: failed program was:
| /* confdefs.h */
| #define PACKAGE_NAME "htop"
| #define PACKAGE_TARNAME "htop"
| #define PACKAGE_VERSION "1.0.1"
| #define PACKAGE_STRING "htop 1.0.1"
| #define PACKAGE_BUGREPORT "loderunner@users.sourceforge.net"
| #define PACKAGE_URL ""
| #define STDC_HEADERS 1
| #define HAVE_SYS_TYPES_H 1
| #define HAVE_SYS_STAT_H 1
| #define HAVE_STDLIB_H 1
| #define HAVE_STRING_H 1
| #define HAVE_MEMORY_H 1
| #define HAVE_STRINGS_H 1
| #define HAVE_INTTYPES_H 1
| #define HAVE_STDINT_H 1
| #define HAVE_UNISTD_H 1
| /* end confdefs.h.  */
| #include <minix/config.h>
configure:3439: result: no
configure:3439: checking for minix/config.h
configure:3439: result: no
configure:3460: checking whether it is safe to define __EXTENSIONS__
configure:3478: gcc -c -g -O2  conftest.c >&5
configure:3478: $? = 0
configure:3485: result: yes
configure:3526: checking build system type
configure:3540: result: i686-pc-linux-gnu
configure:3560: checking host system type
configure:3573: result: i686-pc-linux-gnu
configure:3593: checking target system type
configure:3606: result: i686-pc-linux-gnu
configure:3649: checking for a BSD-compatible install
configure:3717: result: /usr/bin/install -c
configure:3728: checking whether build environment is sane
configure:3778: result: yes
configure:3919: checking for a thread-safe mkdir -p
configure:3958: result: /usr/bin/mkdir -p
configure:3971: checking for gawk
configure:3987: found /usr/bin/gawk
configure:3998: result: gawk
configure:4009: checking whether make sets $(MAKE)
configure:4031: result: yes
configure:4061: checking for style of include used by make
configure:4089: result: GNU
configure:4174: checking dependency style of gcc
configure:4284: result: gcc3
configure:4354: checking for gcc
configure:4381: result: gcc
configure:4610: checking for C compiler version
configure:4619: gcc --version >&5
gcc (GCC) 4.7.2
Copyright (C) 2012 Free Software Foundation, Inc.
This is free software; see the source for copying conditions.  There is NO
warranty; not even for MERCHANTABILITY or FITNESS FOR A PARTICULAR PURPOSE.

configure:4630: $? = 0
configure:4619: gcc -v >&5
Using built-in specs.
COLLECT_GCC=gcc
COLLECT_LTO_WRAPPER=/usr/lib/gcc/i686-pc-linux-gnu/4.7.2/lto-wrapper
Target: i686-pc-linux-gnu
Configured with: /build/src/gcc-4.7.2/configure --prefix=/usr --libdir=/usr/lib --libexecdir=/usr/lib --mandir=/usr/share/man --infodir=/usr/share/info --with-bugurl=https://bugs.archlinux.org/ --enable-languages=c,c++,ada,fortran,go,lto,objc,obj-c++ --enable-shared --enable-threads=posix --with-system-zlib --enable-__cxa_atexit --disable-libunwind-exceptions --enable-clocale=gnu --disable-libstdcxx-pch --enable-libstdcxx-time --enable-gnu-unique-object --enable-linker-build-id --with-ppl --enable-cloog-backend=isl --disable-ppl-version-check --disable-cloog-version-check --enable-lto --enable-gold --enable-ld=default --enable-plugin --with-plugin-ld=ld.gold --with-linker-hash-style=gnu --disable-multilib --disable-libssp --disable-build-with-cxx --disable-build-poststage1-with-cxx --enable-checking=release
Thread model: posix
gcc version 4.7.2 (GCC) 
configure:4630: $? = 0
configure:4619: gcc -V >&5
gcc: error: unrecognized command line option '-V'
gcc: fatal error: no input files
compilation terminated.
configure:4630: $? = 1
configure:4619: gcc -qversion >&5
gcc: error: unrecognized command line option '-qversion'
gcc: fatal error: no input files
compilation terminated.
configure:4630: $? = 1
configure:4634: checking whether we are using the GNU C compiler
configure:4662: result: yes
configure:4671: checking whether gcc accepts -g
configure:4732: result: yes
configure:4749: checking for gcc option to accept ISO C89
configure:4826: result: none needed
configure:4847: checking whether gcc and cc understand -c and -o together
configure:4878: gcc -c conftest.c -o conftest2.o >&5
configure:4882: $? = 0
configure:4888: gcc -c conftest.c -o conftest2.o >&5
configure:4892: $? = 0
configure:4903: cc -c conftest.c >&5
configure:4907: $? = 0
configure:4915: cc -c conftest.c -o conftest2.o >&5
configure:4919: $? = 0
configure:4925: cc -c conftest.c -o conftest2.o >&5
configure:4929: $? = 0
configure:4947: result: yes
configure:5081: checking how to print strings
configure:5108: result: printf
configure:5129: checking for a sed that does not truncate output
configure:5193: result: /usr/bin/sed
configure:5211: checking for fgrep
configure:5273: result: /usr/bin/grep -F
configure:5308: checking for ld used by gcc
configure:5375: result: /usr/bin/ld
configure:5382: checking if the linker (/usr/bin/ld) is GNU ld
configure:5397: result: yes
configure:5409: checking for BSD- or MS-compatible name lister (nm)
configure:5458: result: /usr/bin/nm -B
configure:5588: checking the name lister (/usr/bin/nm -B) interface
configure:5595: gcc -c -g -O2  conftest.c >&5
configure:5598: /usr/bin/nm -B "conftest.o"
configure:5601: output
00000000 B some_variable
configure:5608: result: BSD nm
configure:5611: checking whether ln -s works
configure:5615: result: yes
configure:5623: checking the maximum length of command line arguments
configure:5748: result: 1572864
configure:5765: checking whether the shell understands some XSI constructs
configure:5775: result: yes
configure:5779: checking whether the shell understands "+="
configure:5785: result: yes
configure:5820: checking for /usr/bin/ld option to reload object files
configure:5827: result: -r
configure:5896: checking for objdump
configure:5912: found /usr/bin/objdump
configure:5923: result: objdump
configure:5955: checking how to recognize dependent libraries
configure:6157: result: pass_all
configure:6217: checking for ar
configure:6233: found /usr/bin/ar
configure:6244: result: ar
configure:6322: checking for strip
configure:6338: found /usr/bin/strip
configure:6349: result: strip
configure:6421: checking for ranlib
configure:6437: found /usr/bin/ranlib
configure:6448: result: ranlib
configure:6550: checking command to parse /usr/bin/nm -B output from gcc object
configure:6668: gcc -c -g -O2  conftest.c >&5
configure:6671: $? = 0
configure:6675: /usr/bin/nm -B conftest.o \| sed -n -e 's/^.*[ ]\([ABCDGIRSTW][ABCDGIRSTW]*\)[ ][ ]*\([_A-Za-z][_A-Za-z0-9]*\)$/\1 \2 \2/p' \> conftest.nm
configure:6678: $? = 0
configure:6732: gcc -o conftest -g -O2   conftest.c conftstm.o >&5
configure:6735: $? = 0
configure:6773: result: ok
configure:7610: checking for dlfcn.h
configure:7610: gcc -c -g -O2  conftest.c >&5
configure:7610: $? = 0
configure:7610: result: yes
configure:7737: checking for objdir
configure:7752: result: .libs
configure:8023: checking if gcc supports -fno-rtti -fno-exceptions
configure:8041: gcc -c -g -O2  -fno-rtti -fno-exceptions conftest.c >&5
cc1: warning: command line option '-fno-rtti' is valid for C++/ObjC++ but not for C [enabled by default]
configure:8045: $? = 0
configure:8058: result: no
configure:8078: checking for gcc option to produce PIC
configure:8363: result: -fPIC -DPIC
configure:8375: checking if gcc PIC flag -fPIC -DPIC works
configure:8393: gcc -c -g -O2  -fPIC -DPIC -DPIC conftest.c >&5
configure:8397: $? = 0
configure:8410: result: yes
configure:8434: checking if gcc static flag -static works
configure:8462: result: yes
configure:8477: checking if gcc supports -c -o file.o
configure:8498: gcc -c -g -O2  -o out/conftest2.o conftest.c >&5
configure:8502: $? = 0
configure:8524: result: yes
configure:8532: checking if gcc supports -c -o file.o
configure:8579: result: yes
configure:8612: checking whether the gcc linker (/usr/bin/ld) supports shared libraries
configure:9687: result: yes
configure:9932: checking dynamic linker characteristics
configure:10387: gcc -o conftest -g -O2   -Wl,-rpath -Wl,/foo conftest.c  >&5
configure:10387: $? = 0
configure:10609: result: GNU/Linux ld.so
configure:10716: checking how to hardcode library paths into programs
configure:10741: result: immediate
configure:11281: checking whether stripping libraries is possible
configure:11286: result: yes
configure:11321: checking if libtool supports shared libraries
configure:11323: result: yes
configure:11326: checking whether to build shared libraries
configure:11347: result: no
configure:11350: checking whether to build static libraries
configure:11354: result: yes
configure:11391: checking for ceil in -lm
configure:11416: gcc -o conftest -g -O2   conftest.c -lm   >&5
conftest.c:35:6: warning: conflicting types for built-in function 'ceil' [enabled by default]
configure:11416: $? = 0
configure:11425: result: yes
configure:11443: checking for dirent.h that defines DIR
configure:11462: gcc -c -g -O2  conftest.c >&5
configure:11462: $? = 0
configure:11470: result: yes
configure:11484: checking for library containing opendir
configure:11515: gcc -o conftest -g -O2   conftest.c -lm  >&5
configure:11515: $? = 0
configure:11532: result: none required
configure:11599: checking for ANSI C header files
configure:11703: result: yes
configure:11714: checking for stdlib.h
configure:11714: result: yes
configure:11714: checking for string.h
configure:11714: result: yes
configure:11714: checking for strings.h
configure:11714: result: yes
configure:11714: checking sys/param.h usability
configure:11714: gcc -c -g -O2  conftest.c >&5
configure:11714: $? = 0
configure:11714: result: yes
configure:11714: checking sys/param.h presence
configure:11714: gcc -E  conftest.c
configure:11714: $? = 0
configure:11714: result: yes
configure:11714: checking for sys/param.h
configure:11714: result: yes
configure:11714: checking sys/time.h usability
configure:11714: gcc -c -g -O2  conftest.c >&5
configure:11714: $? = 0
configure:11714: result: yes
configure:11714: checking sys/time.h presence
configure:11714: gcc -E  conftest.c
configure:11714: $? = 0
configure:11714: result: yes
configure:11714: checking for sys/time.h
configure:11714: result: yes
configure:11714: checking for unistd.h
configure:11714: result: yes
configure:11714: checking curses.h usability
configure:11714: gcc -c -g -O2  conftest.c >&5
configure:11714: $? = 0
configure:11714: result: yes
configure:11714: checking curses.h presence
configure:11714: gcc -E  conftest.c
configure:11714: $? = 0
configure:11714: result: yes
configure:11714: checking for curses.h
configure:11714: result: yes
configure:11731: checking execinfo.h usability
configure:11731: gcc -c -g -O2  conftest.c >&5
configure:11731: $? = 0
configure:11731: result: yes
configure:11731: checking execinfo.h presence
configure:11731: gcc -E  conftest.c
configure:11731: $? = 0
configure:11731: result: yes
configure:11731: checking for execinfo.h
configure:11731: result: yes
configure:11745: checking for stdbool.h that conforms to C99
configure:11830: gcc -c -g -O2  conftest.c >&5
configure:11830: $? = 0
configure:11837: result: yes
configure:11839: checking for _Bool
configure:11839: gcc -c -g -O2  conftest.c >&5
configure:11839: $? = 0
configure:11839: gcc -c -g -O2  conftest.c >&5
conftest.c: In function 'main':
conftest.c:75:20: error: expected expression before ')' token
configure:11839: $? = 1
configure: failed program was:
| /* confdefs.h */
| #define PACKAGE_NAME "htop"
| #define PACKAGE_TARNAME "htop"
| #define PACKAGE_VERSION "1.0.1"
| #define PACKAGE_STRING "htop 1.0.1"
| #define PACKAGE_BUGREPORT "loderunner@users.sourceforge.net"
| #define PACKAGE_URL ""
| #define STDC_HEADERS 1
| #define HAVE_SYS_TYPES_H 1
| #define HAVE_SYS_STAT_H 1
| #define HAVE_STDLIB_H 1
| #define HAVE_STRING_H 1
| #define HAVE_MEMORY_H 1
| #define HAVE_STRINGS_H 1
| #define HAVE_INTTYPES_H 1
| #define HAVE_STDINT_H 1
| #define HAVE_UNISTD_H 1
| #define __EXTENSIONS__ 1
| #define _ALL_SOURCE 1
| #define _GNU_SOURCE 1
| #define _POSIX_PTHREAD_SEMANTICS 1
| #define _TANDEM_SOURCE 1
| #define PACKAGE "htop"
| #define VERSION "1.0.1"
| #define HAVE_DLFCN_H 1
| #define LT_OBJDIR ".libs/"
| #define HAVE_LIBM 1
| #define HAVE_DIRENT_H 1
| #define STDC_HEADERS 1
| #define HAVE_STDLIB_H 1
| #define HAVE_STRING_H 1
| #define HAVE_STRINGS_H 1
| #define HAVE_SYS_PARAM_H 1
| #define HAVE_SYS_TIME_H 1
| #define HAVE_UNISTD_H 1
| #define HAVE_CURSES_H 1
| #define HAVE_EXECINFO_H 1
| /* end confdefs.h.  */
| #include <stdio.h>
| #ifdef HAVE_SYS_TYPES_H
| # include <sys/types.h>
| #endif
| #ifdef HAVE_SYS_STAT_H
| # include <sys/stat.h>
| #endif
| #ifdef STDC_HEADERS
| # include <stdlib.h>
| # include <stddef.h>
| #else
| # ifdef HAVE_STDLIB_H
| #  include <stdlib.h>
| # endif
| #endif
| #ifdef HAVE_STRING_H
| # if !defined STDC_HEADERS && defined HAVE_MEMORY_H
| #  include <memory.h>
| # endif
| # include <string.h>
| #endif
| #ifdef HAVE_STRINGS_H
| # include <strings.h>
| #endif
| #ifdef HAVE_INTTYPES_H
| # include <inttypes.h>
| #endif
| #ifdef HAVE_STDINT_H
| # include <stdint.h>
| #endif
| #ifdef HAVE_UNISTD_H
| # include <unistd.h>
| #endif
| int
| main ()
| {
| if (sizeof ((_Bool)))
| 	    return 0;
|   ;
|   return 0;
| }
configure:11839: result: yes
configure:11855: checking for an ANSI C-conforming const
configure:11920: gcc -c -g -O2  conftest.c >&5
configure:11920: $? = 0
configure:11927: result: yes
configure:11935: checking for pid_t
configure:11935: gcc -c -g -O2  conftest.c >&5
configure:11935: $? = 0
configure:11935: gcc -c -g -O2  conftest.c >&5
conftest.c: In function 'main':
conftest.c:77:20: error: expected expression before ')' token
configure:11935: $? = 1
configure: failed program was:
| /* confdefs.h */
| #define PACKAGE_NAME "htop"
| #define PACKAGE_TARNAME "htop"
| #define PACKAGE_VERSION "1.0.1"
| #define PACKAGE_STRING "htop 1.0.1"
| #define PACKAGE_BUGREPORT "loderunner@users.sourceforge.net"
| #define PACKAGE_URL ""
| #define STDC_HEADERS 1
| #define HAVE_SYS_TYPES_H 1
| #define HAVE_SYS_STAT_H 1
| #define HAVE_STDLIB_H 1
| #define HAVE_STRING_H 1
| #define HAVE_MEMORY_H 1
| #define HAVE_STRINGS_H 1
| #define HAVE_INTTYPES_H 1
| #define HAVE_STDINT_H 1
| #define HAVE_UNISTD_H 1
| #define __EXTENSIONS__ 1
| #define _ALL_SOURCE 1
| #define _GNU_SOURCE 1
| #define _POSIX_PTHREAD_SEMANTICS 1
| #define _TANDEM_SOURCE 1
| #define PACKAGE "htop"
| #define VERSION "1.0.1"
| #define HAVE_DLFCN_H 1
| #define LT_OBJDIR ".libs/"
| #define HAVE_LIBM 1
| #define HAVE_DIRENT_H 1
| #define STDC_HEADERS 1
| #define HAVE_STDLIB_H 1
| #define HAVE_STRING_H 1
| #define HAVE_STRINGS_H 1
| #define HAVE_SYS_PARAM_H 1
| #define HAVE_SYS_TIME_H 1
| #define HAVE_UNISTD_H 1
| #define HAVE_CURSES_H 1
| #define HAVE_EXECINFO_H 1
| #define HAVE__BOOL 1
| #define HAVE_STDBOOL_H 1
| /* end confdefs.h.  */
| #include <stdio.h>
| #ifdef HAVE_SYS_TYPES_H
| # include <sys/types.h>
| #endif
| #ifdef HAVE_SYS_STAT_H
| # include <sys/stat.h>
| #endif
| #ifdef STDC_HEADERS
| # include <stdlib.h>
| # include <stddef.h>
| #else
| # ifdef HAVE_STDLIB_H
| #  include <stdlib.h>
| # endif
| #endif
| #ifdef HAVE_STRING_H
| # if !defined STDC_HEADERS && defined HAVE_MEMORY_H
| #  include <memory.h>
| # endif
| # include <string.h>
| #endif
| #ifdef HAVE_STRINGS_H
| # include <strings.h>
| #endif
| #ifdef HAVE_INTTYPES_H
| # include <inttypes.h>
| #endif
| #ifdef HAVE_STDINT_H
| # include <stdint.h>
| #endif
| #ifdef HAVE_UNISTD_H
| # include <unistd.h>
| #endif
| int
| main ()
| {
| if (sizeof ((pid_t)))
| 	    return 0;
|   ;
|   return 0;
| }
configure:11935: result: yes
configure:11946: checking for uid_t in sys/types.h
configure:11965: result: yes
configure:11978: checking whether closedir returns void
configure:12002: gcc -o conftest -g -O2   conftest.c -lm  >&5
configure:12002: $? = 0
configure:12002: ./conftest
configure:12002: $? = 0
configure:12012: result: no
configure:12020: checking return type of signal handlers
configure:12038: gcc -c -g -O2  conftest.c >&5
conftest.c: In function 'main':
conftest.c:47:1: error: void value not ignored as it ought to be
configure:12038: $? = 1
configure: failed program was:
| /* confdefs.h */
| #define PACKAGE_NAME "htop"
| #define PACKAGE_TARNAME "htop"
| #define PACKAGE_VERSION "1.0.1"
| #define PACKAGE_STRING "htop 1.0.1"
| #define PACKAGE_BUGREPORT "loderunner@users.sourceforge.net"
| #define PACKAGE_URL ""
| #define STDC_HEADERS 1
| #define HAVE_SYS_TYPES_H 1
| #define HAVE_SYS_STAT_H 1
| #define HAVE_STDLIB_H 1
| #define HAVE_STRING_H 1
| #define HAVE_MEMORY_H 1
| #define HAVE_STRINGS_H 1
| #define HAVE_INTTYPES_H 1
| #define HAVE_STDINT_H 1
| #define HAVE_UNISTD_H 1
| #define __EXTENSIONS__ 1
| #define _ALL_SOURCE 1
| #define _GNU_SOURCE 1
| #define _POSIX_PTHREAD_SEMANTICS 1
| #define _TANDEM_SOURCE 1
| #define PACKAGE "htop"
| #define VERSION "1.0.1"
| #define HAVE_DLFCN_H 1
| #define LT_OBJDIR ".libs/"
| #define HAVE_LIBM 1
| #define HAVE_DIRENT_H 1
| #define STDC_HEADERS 1
| #define HAVE_STDLIB_H 1
| #define HAVE_STRING_H 1
| #define HAVE_STRINGS_H 1
| #define HAVE_SYS_PARAM_H 1
| #define HAVE_SYS_TIME_H 1
| #define HAVE_UNISTD_H 1
| #define HAVE_CURSES_H 1
| #define HAVE_EXECINFO_H 1
| #define HAVE__BOOL 1
| #define HAVE_STDBOOL_H 1
| /* end confdefs.h.  */
| #include <sys/types.h>
| #include <signal.h>
| 
| int
| main ()
| {
| return *(signal (0, 0)) (0) == 1;
|   ;
|   return 0;
| }
configure:12045: result: void
configure:12053: checking whether lstat correctly handles trailing slash
configure:12079: gcc -o conftest -g -O2   conftest.c -lm  >&5
configure:12079: $? = 0
configure:12079: ./conftest
configure:12079: $? = 0
configure:12096: result: yes
configure:12115: checking whether stat accepts an empty string
configure:12135: gcc -o conftest -g -O2   conftest.c -lm  >&5
configure:12135: $? = 0
configure:12135: ./conftest
configure:12135: $? = 0
configure:12145: result: no
configure:12164: checking for memmove
configure:12164: gcc -o conftest -g -O2   conftest.c -lm  >&5
conftest.c:66:6: warning: conflicting types for built-in function 'memmove' [enabled by default]
configure:12164: $? = 0
configure:12164: result: yes
configure:12164: checking for strncasecmp
configure:12164: gcc -o conftest -g -O2   conftest.c -lm  >&5
conftest.c:67:6: warning: conflicting types for built-in function 'strncasecmp' [enabled by default]
configure:12164: $? = 0
configure:12164: result: yes
configure:12164: checking for strstr
configure:12164: gcc -o conftest -g -O2   conftest.c -lm  >&5
conftest.c:68:6: warning: conflicting types for built-in function 'strstr' [enabled by default]
configure:12164: $? = 0
configure:12164: result: yes
configure:12164: checking for strdup
configure:12164: gcc -o conftest -g -O2   conftest.c -lm  >&5
conftest.c:69:6: warning: conflicting types for built-in function 'strdup' [enabled by default]
configure:12164: $? = 0
configure:12164: result: yes
configure:12177: checking whether gcc -std=c99 option works
configure:12190: gcc -c -g -O2 -std=c99  conftest.c >&5
configure:12190: $? = 0
configure:12191: result: yes
configure:12294: checking for refresh in -lncursesw
configure:12319: gcc -o conftest -g -O2   conftest.c -lncursesw  -lm  >&5
configure:12319: $? = 0
configure:12328: result: yes
configure:12346: checking curses.h usability
configure:12346: gcc -c -g -O2  conftest.c >&5
configure:12346: $? = 0
configure:12346: result: yes
configure:12346: checking curses.h presence
configure:12346: gcc -E  conftest.c
configure:12346: $? = 0
configure:12346: result: yes
configure:12346: checking for curses.h
configure:12346: result: yes
configure:12457: checking for /proc/stat
configure:12471: result: yes
configure:12481: checking for /proc/meminfo
configure:12495: result: yes
configure:12514: checking for usable sched_setaffinity
configure:12542: gcc -o conftest -g -O2   conftest.c -lncursesw -lm  >&5
configure:12542: $? = 0
configure:12542: ./conftest
configure:12542: $? = 0
configure:12543: result: yes
configure:12753: creating ./config.status

## ---------------------- ##
## Running config.status. ##
## ---------------------- ##

This file was extended by htop config.status 1.0.1, which was
generated by GNU Autoconf 2.65.  Invocation command line was

  CONFIG_FILES    = 
  CONFIG_HEADERS  = 
  CONFIG_LINKS    = 
  CONFIG_COMMANDS = 
  $ ./config.status 

on venam

config.status:1102: creating Makefile
config.status:1102: creating htop.1
config.status:1102: creating config.h
config.status:1274: config.h is unchanged
config.status:1322: executing depfiles commands
config.status:1322: executing libtool commands

## ---------------- ##
## Cache variables. ##
## ---------------- ##

ac_cv_build=i686-pc-linux-gnu
ac_cv_c_compiler_gnu=yes
ac_cv_c_const=yes
ac_cv_env_CC_set=
ac_cv_env_CC_value=
ac_cv_env_CFLAGS_set=
ac_cv_env_CFLAGS_value=
ac_cv_env_CPPFLAGS_set=
ac_cv_env_CPPFLAGS_value=
ac_cv_env_CPP_set=
ac_cv_env_CPP_value=
ac_cv_env_LDFLAGS_set=
ac_cv_env_LDFLAGS_value=
ac_cv_env_LIBS_set=
ac_cv_env_LIBS_value=
ac_cv_env_build_alias_set=
ac_cv_env_build_alias_value=
ac_cv_env_host_alias_set=
ac_cv_env_host_alias_value=
ac_cv_env_target_alias_set=
ac_cv_env_target_alias_value=
ac_cv_file__proc_meminfo=yes
ac_cv_file__proc_stat=yes
ac_cv_func_closedir_void=no
ac_cv_func_lstat_dereferences_slashed_symlink=yes
ac_cv_func_memmove=yes
ac_cv_func_stat_empty_string_bug=no
ac_cv_func_strdup=yes
ac_cv_func_strncasecmp=yes
ac_cv_func_strstr=yes
ac_cv_header_curses_h=yes
ac_cv_header_dirent_dirent_h=yes
ac_cv_header_dlfcn_h=yes
ac_cv_header_execinfo_h=yes
ac_cv_header_inttypes_h=yes
ac_cv_header_memory_h=yes
ac_cv_header_minix_config_h=no
ac_cv_header_ncursesw_curses_h=yes
ac_cv_header_stdbool_h=yes
ac_cv_header_stdc=yes
ac_cv_header_stdint_h=yes
ac_cv_header_stdlib_h=yes
ac_cv_header_string_h=yes
ac_cv_header_strings_h=yes
ac_cv_header_sys_param_h=yes
ac_cv_header_sys_stat_h=yes
ac_cv_header_sys_time_h=yes
ac_cv_header_sys_types_h=yes
ac_cv_header_unistd_h=yes
ac_cv_host=i686-pc-linux-gnu
ac_cv_lib_m_ceil=yes
ac_cv_lib_ncursesw_refresh=yes
ac_cv_objext=o
ac_cv_path_EGREP='/usr/bin/grep -E'
ac_cv_path_FGREP='/usr/bin/grep -F'
ac_cv_path_GREP=/usr/bin/grep
ac_cv_path_SED=/usr/bin/sed
ac_cv_path_install='/usr/bin/install -c'
ac_cv_path_mkdir=/usr/bin/mkdir
ac_cv_prog_AWK=gawk
ac_cv_prog_CPP='gcc -E'
ac_cv_prog_ac_ct_AR=ar
ac_cv_prog_ac_ct_CC=gcc
ac_cv_prog_ac_ct_OBJDUMP=objdump
ac_cv_prog_ac_ct_RANLIB=ranlib
ac_cv_prog_ac_ct_STRIP=strip
ac_cv_prog_cc_c89=
ac_cv_prog_cc_g=yes
ac_cv_prog_cc_gcc_c_o=yes
ac_cv_prog_make_make_set=yes
ac_cv_safe_to_define___extensions__=yes
ac_cv_search_opendir='none required'
ac_cv_target=i686-pc-linux-gnu
ac_cv_type__Bool=yes
ac_cv_type_pid_t=yes
ac_cv_type_signal=void
ac_cv_type_uid_t=yes
am_cv_CC_dependencies_compiler_type=gcc3
lt_cv_deplibs_check_method=pass_all
lt_cv_file_magic_cmd='$MAGIC_CMD'
lt_cv_file_magic_test_file=
lt_cv_ld_reload_flag=-r
lt_cv_nm_interface='BSD nm'
lt_cv_objdir=.libs
lt_cv_path_LD=/usr/bin/ld
lt_cv_path_NM='/usr/bin/nm -B'
lt_cv_prog_compiler_c_o=yes
lt_cv_prog_compiler_pic_works=yes
lt_cv_prog_compiler_rtti_exceptions=no
lt_cv_prog_compiler_static_works=yes
lt_cv_prog_gnu_ld=yes
lt_cv_shlibpath_overrides_runpath=no
lt_cv_sys_global_symbol_pipe='sed -n -e '\''s/^.*[	 ]\([ABCDGIRSTW][ABCDGIRSTW]*\)[	 ][	 ]*\([_A-Za-z][_A-Za-z0-9]*\)$/\1 \2 \2/p'\'''
lt_cv_sys_global_symbol_to_c_name_address='sed -n -e '\''s/^: \([^ ]*\) $/  {\"\1\", (void *) 0},/p'\'' -e '\''s/^[ABCDGIRSTW]* \([^ ]*\) \([^ ]*\)$/  {"\2", (void *) \&\2},/p'\'''
lt_cv_sys_global_symbol_to_c_name_address_lib_prefix='sed -n -e '\''s/^: \([^ ]*\) $/  {\"\1\", (void *) 0},/p'\'' -e '\''s/^[ABCDGIRSTW]* \([^ ]*\) \(lib[^ ]*\)$/  {"\2", (void *) \&\2},/p'\'' -e '\''s/^[ABCDGIRSTW]* \([^ ]*\) \([^ ]*\)$/  {"lib\2", (void *) \&\2},/p'\'''
lt_cv_sys_global_symbol_to_cdecl='sed -n -e '\''s/^T .* \(.*\)$/extern int \1();/p'\'' -e '\''s/^[ABCDGIRSTW]* .* \(.*\)$/extern char \1;/p'\'''
lt_cv_sys_max_cmd_len=1572864

## ----------------- ##
## Output variables. ##
## ----------------- ##

ACLOCAL='${SHELL} /home/raptor/htop-vi-temp/htop-1.0.1/missing --run aclocal-1.11'
AMDEPBACKSLASH='\'
AMDEP_FALSE='#'
AMDEP_TRUE=''
AMTAR='${SHELL} /home/raptor/htop-vi-temp/htop-1.0.1/missing --run tar'
AR='ar'
AUTOCONF='${SHELL} /home/raptor/htop-vi-temp/htop-1.0.1/missing --run autoconf'
AUTOHEADER='${SHELL} /home/raptor/htop-vi-temp/htop-1.0.1/missing --run autoheader'
AUTOMAKE='${SHELL} /home/raptor/htop-vi-temp/htop-1.0.1/missing --run automake-1.11'
AWK='gawk'
CC='gcc'
CCDEPMODE='depmode=gcc3'
CFLAGS='-g -O2'
CPP='gcc -E'
CPPFLAGS=''
CYGPATH_W='echo'
DEFS='-DHAVE_CONFIG_H'
DEPDIR='.deps'
DSYMUTIL=''
DUMPBIN=''
ECHO_C=''
ECHO_N='-n'
ECHO_T=''
EGREP='/usr/bin/grep -E'
EXEEXT=''
FGREP='/usr/bin/grep -F'
GREP='/usr/bin/grep'
INSTALL_DATA='${INSTALL} -m 644'
INSTALL_PROGRAM='${INSTALL}'
INSTALL_SCRIPT='${INSTALL}'
INSTALL_STRIP_PROGRAM='$(install_sh) -c -s'
LD='/usr/bin/ld'
LDFLAGS=''
LIBOBJS=''
LIBS='-lncursesw -lm '
LIBTOOL='$(SHELL) $(top_builddir)/libtool'
LIPO=''
LN_S='ln -s'
LTLIBOBJS=''
MAKEINFO='${SHELL} /home/raptor/htop-vi-temp/htop-1.0.1/missing --run makeinfo'
MKDIR_P='/usr/bin/mkdir -p'
NM='/usr/bin/nm -B'
NMEDIT=''
OBJDUMP='objdump'
OBJEXT='o'
OTOOL64=''
OTOOL=''
PACKAGE='htop'
PACKAGE_BUGREPORT='loderunner@users.sourceforge.net'
PACKAGE_NAME='htop'
PACKAGE_STRING='htop 1.0.1'
PACKAGE_TARNAME='htop'
PACKAGE_URL=''
PACKAGE_VERSION='1.0.1'
PATH_SEPARATOR=':'
RANLIB='ranlib'
SED='/usr/bin/sed'
SET_MAKE=''
SHELL='/bin/sh'
STRIP='strip'
VERSION='1.0.1'
ac_ct_CC='gcc'
ac_ct_DUMPBIN=''
am__EXEEXT_FALSE=''
am__EXEEXT_TRUE='#'
am__fastdepCC_FALSE='#'
am__fastdepCC_TRUE=''
am__include='include'
am__isrc=''
am__leading_dot='.'
am__quote=''
am__tar='${AMTAR} chof - "$$tardir"'
am__untar='${AMTAR} xf -'
bindir='${exec_prefix}/bin'
build='i686-pc-linux-gnu'
build_alias=''
build_cpu='i686'
build_os='linux-gnu'
build_vendor='pc'
datadir='${datarootdir}'
datarootdir='${prefix}/share'
docdir='${datarootdir}/doc/${PACKAGE_TARNAME}'
dvidir='${docdir}'
exec_prefix='${prefix}'
host='i686-pc-linux-gnu'
host_alias=''
host_cpu='i686'
host_os='linux-gnu'
host_vendor='pc'
htmldir='${docdir}'
includedir='/home/raptor/htop-vi-temp/htop-1.0.1'
infodir='${datarootdir}/info'
install_sh='${SHELL} /home/raptor/htop-vi-temp/htop-1.0.1/install-sh'
libdir='${exec_prefix}/lib'
libexecdir='${exec_prefix}/libexec'
localedir='${datarootdir}/locale'
localstatedir='${prefix}/var'
mandir='${datarootdir}/man'
mkdir_p='/usr/bin/mkdir -p'
oldincludedir='/usr/include'
pdfdir='${docdir}'
prefix='/usr'
program_transform_name='s,x,x,'
psdir='${docdir}'
sbindir='${exec_prefix}/sbin'
sharedstatedir='${prefix}/com'
sysconfdir='${prefix}/etc'
target='i686-pc-linux-gnu'
target_alias=''
target_cpu='i686'
target_os='linux-gnu'
target_vendor='pc'

## ----------- ##
## confdefs.h. ##
## ----------- ##

/* confdefs.h */
#define PACKAGE_NAME "htop"
#define PACKAGE_TARNAME "htop"
#define PACKAGE_VERSION "1.0.1"
#define PACKAGE_STRING "htop 1.0.1"
#define PACKAGE_BUGREPORT "loderunner@users.sourceforge.net"
#define PACKAGE_URL ""
#define STDC_HEADERS 1
#define HAVE_SYS_TYPES_H 1
#define HAVE_SYS_STAT_H 1
#define HAVE_STDLIB_H 1
#define HAVE_STRING_H 1
#define HAVE_MEMORY_H 1
#define HAVE_STRINGS_H 1
#define HAVE_INTTYPES_H 1
#define HAVE_STDINT_H 1
#define HAVE_UNISTD_H 1
#define __EXTENSIONS__ 1
#define _ALL_SOURCE 1
#define _GNU_SOURCE 1
#define _POSIX_PTHREAD_SEMANTICS 1
#define _TANDEM_SOURCE 1
#define PACKAGE "htop"
#define VERSION "1.0.1"
#define HAVE_DLFCN_H 1
#define LT_OBJDIR ".libs/"
#define HAVE_LIBM 1
#define HAVE_DIRENT_H 1
#define STDC_HEADERS 1
#define HAVE_STDLIB_H 1
#define HAVE_STRING_H 1
#define HAVE_STRINGS_H 1
#define HAVE_SYS_PARAM_H 1
#define HAVE_SYS_TIME_H 1
#define HAVE_UNISTD_H 1
#define HAVE_CURSES_H 1
#define HAVE_EXECINFO_H 1
#define HAVE__BOOL 1
#define HAVE_STDBOOL_H 1
#define RETSIGTYPE void
#define LSTAT_FOLLOWS_SLASHED_SYMLINK 1
#define HAVE_MEMMOVE 1
#define HAVE_STRNCASECMP 1
#define HAVE_STRSTR 1
#define HAVE_STRDUP 1
#define PROCDIR "/proc"
#define HAVE_OPENVZ 1
#define HAVE_CGROUP 1
#define HAVE_VSERVER 1
#define HAVE_TASKSTATS 1
#define HAVE_LIBNCURSESW 1
#define HAVE_NCURSESW_CURSES_H 1
#define HAVE_NATIVE_AFFINITY 1

configure: exit 0
